<?xml version="1.0" encoding="UTF-8"?>
<!-- Generated by org.testng.reporters.JUnitXMLReporter -->
<testsuite ignored="0" hostname="Amit-Madeli" failures="0" tests="7" name="DemoWebShopTest" time="25.809" errors="0" timestamp="2025-08-22T21:58:24 IST">
  <testcase classname="day23.DemoWebShopGroups" name="verifyPage" time="0.006"/>
  <testcase classname="day23.DemoWebShopGroups" name="loginTest" time="1.494"/>
  <testcase classname="day23.DemoWebShopGroups" name="clickApparelsAndShoes" time="0.827"/>
  <testcase classname="day23.DemoWebShopGroups" name="selectProduct" time="15.568"/>
  <testcase classname="day23.DemoWebShopGroups" name="addToCart" time="0.117"/>
  <testcase classname="day23.DemoWebShopGroups" name="shoppingCart" time="0.917"/>
  <testcase classname="day23.DemoWebShopGroups" name="logOut" time="0.914"/>
</testsuite> <!-- DemoWebShopTest -->
