<?xml version="1.0" encoding="UTF-8"?>
<testng-results ignored="0" total="9" passed="9" failed="0" skipped="0">
  <reporter-output>
  </reporter-output>
  <suite started-at="2025-09-10T03:07:12 IST" name="Default suite" finished-at="2025-09-10T03:07:35 IST" duration-ms="23007">
    <groups>
    </groups>
    <test started-at="2025-09-10T03:07:12 IST" name="Default test" finished-at="2025-09-10T03:07:35 IST" duration-ms="23007">
      <class name="testcases.NopCommerceTests">
        <test-method is-config="true" signature="beforeSuite()[pri:0, instance:testcases.NopCommerceTests@5b12b668]" started-at="2025-09-10T03:07:12 IST" name="beforeSuite" finished-at="2025-09-10T03:07:12 IST" duration-ms="8" status="PASS">
          <reporter-output>
          </reporter-output>
        </test-method> <!-- beforeSuite -->
        <test-method is-config="true" signature="beforeTest()[pri:0, instance:testcases.NopCommerceTests@5b12b668]" started-at="2025-09-10T03:07:12 IST" name="beforeTest" finished-at="2025-09-10T03:07:12 IST" duration-ms="1" status="PASS">
          <reporter-output>
          </reporter-output>
        </test-method> <!-- beforeTest -->
        <test-method is-config="true" signature="beforeClass()[pri:0, instance:testcases.NopCommerceTests@5b12b668]" started-at="2025-09-10T03:07:12 IST" name="beforeClass" finished-at="2025-09-10T03:07:17 IST" duration-ms="4232" status="PASS">
          <reporter-output>
          </reporter-output>
        </test-method> <!-- beforeClass -->
        <test-method signature="testLogin()[pri:2, instance:testcases.NopCommerceTests@5b12b668]" started-at="2025-09-10T03:07:17 IST" name="testLogin" finished-at="2025-09-10T03:07:19 IST" duration-ms="2667" status="PASS">
          <reporter-output>
          </reporter-output>
        </test-method> <!-- testLogin -->
        <test-method signature="testAddDesktopToCart()[pri:3, instance:testcases.NopCommerceTests@5b12b668]" started-at="2025-09-10T03:07:19 IST" name="testAddDesktopToCart" finished-at="2025-09-10T03:07:21 IST" duration-ms="1700" status="PASS">
          <reporter-output>
          </reporter-output>
        </test-method> <!-- testAddDesktopToCart -->
        <test-method signature="testAddIphoneToWishlist()[pri:4, instance:testcases.NopCommerceTests@5b12b668]" started-at="2025-09-10T03:07:21 IST" name="testAddIphoneToWishlist" finished-at="2025-09-10T03:07:22 IST" duration-ms="1510" status="PASS">
          <reporter-output>
          </reporter-output>
        </test-method> <!-- testAddIphoneToWishlist -->
        <test-method signature="testCompareAndClearBooks()[pri:5, instance:testcases.NopCommerceTests@5b12b668]" started-at="2025-09-10T03:07:22 IST" name="testCompareAndClearBooks" finished-at="2025-09-10T03:07:29 IST" duration-ms="6214" status="PASS">
          <reporter-output>
          </reporter-output>
        </test-method> <!-- testCompareAndClearBooks -->
        <test-method signature="testAddFlowerBraceletQuantityTwo()[pri:6, instance:testcases.NopCommerceTests@5b12b668]" started-at="2025-09-10T03:07:29 IST" name="testAddFlowerBraceletQuantityTwo" finished-at="2025-09-10T03:07:30 IST" duration-ms="1372" status="PASS">
          <reporter-output>
          </reporter-output>
        </test-method> <!-- testAddFlowerBraceletQuantityTwo -->
        <test-method signature="testAdidasThenNikeSBZoomWishlist()[pri:7, instance:testcases.NopCommerceTests@5b12b668]" started-at="2025-09-10T03:07:30 IST" name="testAdidasThenNikeSBZoomWishlist" finished-at="2025-09-10T03:07:33 IST" duration-ms="2718" status="PASS">
          <reporter-output>
          </reporter-output>
        </test-method> <!-- testAdidasThenNikeSBZoomWishlist -->
        <test-method signature="testOpenWishlist()[pri:8, instance:testcases.NopCommerceTests@5b12b668]" started-at="2025-09-10T03:07:33 IST" name="testOpenWishlist" finished-at="2025-09-10T03:07:33 IST" duration-ms="619" status="PASS">
          <reporter-output>
          </reporter-output>
        </test-method> <!-- testOpenWishlist -->
        <test-method signature="testOpenShoppingCart()[pri:9, instance:testcases.NopCommerceTests@5b12b668]" started-at="2025-09-10T03:07:33 IST" name="testOpenShoppingCart" finished-at="2025-09-10T03:07:34 IST" duration-ms="823" status="PASS">
          <reporter-output>
          </reporter-output>
        </test-method> <!-- testOpenShoppingCart -->
        <test-method signature="testLogout()[pri:10, instance:testcases.NopCommerceTests@5b12b668]" started-at="2025-09-10T03:07:34 IST" name="testLogout" finished-at="2025-09-10T03:07:35 IST" duration-ms="837" status="PASS">
          <reporter-output>
          </reporter-output>
        </test-method> <!-- testLogout -->
        <test-method is-config="true" signature="afterClass()[pri:0, instance:testcases.NopCommerceTests@5b12b668]" started-at="2025-09-10T03:07:35 IST" name="afterClass" finished-at="2025-09-10T03:07:35 IST" duration-ms="274" status="PASS">
          <reporter-output>
          </reporter-output>
        </test-method> <!-- afterClass -->
        <test-method is-config="true" signature="afterTest()[pri:0, instance:testcases.NopCommerceTests@5b12b668]" started-at="2025-09-10T03:07:35 IST" name="afterTest" finished-at="2025-09-10T03:07:35 IST" duration-ms="0" status="PASS">
          <reporter-output>
          </reporter-output>
        </test-method> <!-- afterTest -->
        <test-method is-config="true" signature="afterSuite()[pri:0, instance:testcases.NopCommerceTests@5b12b668]" started-at="2025-09-10T03:07:35 IST" name="afterSuite" finished-at="2025-09-10T03:07:35 IST" duration-ms="0" status="PASS">
          <reporter-output>
          </reporter-output>
        </test-method> <!-- afterSuite -->
      </class> <!-- testcases.NopCommerceTests -->
    </test> <!-- Default test -->
  </suite> <!-- Default suite -->
</testng-results>
