<?xml version="1.0" encoding="UTF-8"?>
<testng-results ignored="0" total="7" passed="7" failed="0" skipped="0">
  <reporter-output>
  </reporter-output>
  <suite started-at="2025-08-16T23:16:31 IST" name="Default suite" finished-at="2025-08-16T23:16:44 IST" duration-ms="13053">
    <groups>
    </groups>
    <test started-at="2025-08-16T23:16:31 IST" name="Default test" finished-at="2025-08-16T23:16:44 IST" duration-ms="13053">
      <class name="day22.WebShopApparelsAndShoes">
        <test-method is-config="true" signature="beforeSuite()[pri:0, instance:day22.WebShopApparelsAndShoes@5aa9e4eb]" started-at="2025-08-16T23:16:31 IST" name="beforeSuite" finished-at="2025-08-16T23:16:31 IST" duration-ms="11" status="PASS">
          <reporter-output>
          </reporter-output>
        </test-method> <!-- beforeSuite -->
        <test-method is-config="true" signature="beforeTest()[pri:0, instance:day22.WebShopApparelsAndShoes@5aa9e4eb]" started-at="2025-08-16T23:16:31 IST" name="beforeTest" finished-at="2025-08-16T23:16:31 IST" duration-ms="1" status="PASS">
          <reporter-output>
          </reporter-output>
        </test-method> <!-- beforeTest -->
        <test-method is-config="true" signature="beforeClass()[pri:0, instance:day22.WebShopApparelsAndShoes@5aa9e4eb]" started-at="2025-08-16T23:16:31 IST" name="beforeClass" finished-at="2025-08-16T23:16:37 IST" duration-ms="5917" status="PASS">
          <reporter-output>
          </reporter-output>
        </test-method> <!-- beforeClass -->
        <test-method is-config="true" signature="beforeMethod()[pri:0, instance:day22.WebShopApparelsAndShoes@5aa9e4eb]" started-at="2025-08-16T23:16:37 IST" name="beforeMethod" finished-at="2025-08-16T23:16:37 IST" duration-ms="1" status="PASS">
          <reporter-output>
          </reporter-output>
        </test-method> <!-- beforeMethod -->
        <test-method signature="verifyPage()[pri:1, instance:day22.WebShopApparelsAndShoes@5aa9e4eb]" started-at="2025-08-16T23:16:37 IST" name="verifyPage" finished-at="2025-08-16T23:16:37 IST" duration-ms="5" status="PASS">
          <reporter-output>
          </reporter-output>
        </test-method> <!-- verifyPage -->
        <test-method is-config="true" signature="afterMethod()[pri:0, instance:day22.WebShopApparelsAndShoes@5aa9e4eb]" started-at="2025-08-16T23:16:37 IST" name="afterMethod" finished-at="2025-08-16T23:16:37 IST" duration-ms="0" status="PASS">
          <reporter-output>
          </reporter-output>
        </test-method> <!-- afterMethod -->
        <test-method is-config="true" signature="beforeMethod()[pri:0, instance:day22.WebShopApparelsAndShoes@5aa9e4eb]" started-at="2025-08-16T23:16:37 IST" name="beforeMethod" finished-at="2025-08-16T23:16:37 IST" duration-ms="0" status="PASS">
          <reporter-output>
          </reporter-output>
        </test-method> <!-- beforeMethod -->
        <test-method signature="loginTest()[pri:2, instance:day22.WebShopApparelsAndShoes@5aa9e4eb]" started-at="2025-08-16T23:16:37 IST" name="loginTest" finished-at="2025-08-16T23:16:38 IST" duration-ms="1511" status="PASS">
          <reporter-output>
          </reporter-output>
        </test-method> <!-- loginTest -->
        <test-method is-config="true" signature="afterMethod()[pri:0, instance:day22.WebShopApparelsAndShoes@5aa9e4eb]" started-at="2025-08-16T23:16:38 IST" name="afterMethod" finished-at="2025-08-16T23:16:38 IST" duration-ms="1" status="PASS">
          <reporter-output>
          </reporter-output>
        </test-method> <!-- afterMethod -->
        <test-method signature="clickApparelsAndShoes()[pri:3, instance:day22.WebShopApparelsAndShoes@5aa9e4eb]" started-at="2025-08-16T23:16:38 IST" name="clickApparelsAndShoes" finished-at="2025-08-16T23:16:39 IST" duration-ms="886" status="PASS">
          <reporter-output>
          </reporter-output>
        </test-method> <!-- clickApparelsAndShoes -->
        <test-method is-config="true" signature="beforeMethod()[pri:0, instance:day22.WebShopApparelsAndShoes@5aa9e4eb]" started-at="2025-08-16T23:16:38 IST" name="beforeMethod" finished-at="2025-08-16T23:16:38 IST" duration-ms="0" status="PASS">
          <reporter-output>
          </reporter-output>
        </test-method> <!-- beforeMethod -->
        <test-method is-config="true" signature="afterMethod()[pri:0, instance:day22.WebShopApparelsAndShoes@5aa9e4eb]" started-at="2025-08-16T23:16:39 IST" name="afterMethod" finished-at="2025-08-16T23:16:39 IST" duration-ms="1" status="PASS">
          <reporter-output>
          </reporter-output>
        </test-method> <!-- afterMethod -->
        <test-method is-config="true" signature="beforeMethod()[pri:0, instance:day22.WebShopApparelsAndShoes@5aa9e4eb]" started-at="2025-08-16T23:16:39 IST" name="beforeMethod" finished-at="2025-08-16T23:16:39 IST" duration-ms="1" status="PASS">
          <reporter-output>
          </reporter-output>
        </test-method> <!-- beforeMethod -->
        <test-method signature="selectProduct()[pri:4, instance:day22.WebShopApparelsAndShoes@5aa9e4eb]" started-at="2025-08-16T23:16:39 IST" name="selectProduct" finished-at="2025-08-16T23:16:42 IST" duration-ms="2639" status="PASS">
          <reporter-output>
          </reporter-output>
        </test-method> <!-- selectProduct -->
        <test-method signature="addToCart()[pri:5, instance:day22.WebShopApparelsAndShoes@5aa9e4eb]" started-at="2025-08-16T23:16:42 IST" name="addToCart" finished-at="2025-08-16T23:16:42 IST" duration-ms="125" status="PASS">
          <reporter-output>
          </reporter-output>
        </test-method> <!-- addToCart -->
        <test-method is-config="true" signature="beforeMethod()[pri:0, instance:day22.WebShopApparelsAndShoes@5aa9e4eb]" started-at="2025-08-16T23:16:42 IST" name="beforeMethod" finished-at="2025-08-16T23:16:42 IST" duration-ms="0" status="PASS">
          <reporter-output>
          </reporter-output>
        </test-method> <!-- beforeMethod -->
        <test-method is-config="true" signature="afterMethod()[pri:0, instance:day22.WebShopApparelsAndShoes@5aa9e4eb]" started-at="2025-08-16T23:16:42 IST" name="afterMethod" finished-at="2025-08-16T23:16:42 IST" duration-ms="0" status="PASS">
          <reporter-output>
          </reporter-output>
        </test-method> <!-- afterMethod -->
        <test-method signature="shoppingCart()[pri:6, instance:day22.WebShopApparelsAndShoes@5aa9e4eb]" started-at="2025-08-16T23:16:42 IST" name="shoppingCart" finished-at="2025-08-16T23:16:43 IST" duration-ms="834" status="PASS">
          <reporter-output>
          </reporter-output>
        </test-method> <!-- shoppingCart -->
        <test-method is-config="true" signature="beforeMethod()[pri:0, instance:day22.WebShopApparelsAndShoes@5aa9e4eb]" started-at="2025-08-16T23:16:42 IST" name="beforeMethod" finished-at="2025-08-16T23:16:42 IST" duration-ms="0" status="PASS">
          <reporter-output>
          </reporter-output>
        </test-method> <!-- beforeMethod -->
        <test-method is-config="true" signature="afterMethod()[pri:0, instance:day22.WebShopApparelsAndShoes@5aa9e4eb]" started-at="2025-08-16T23:16:42 IST" name="afterMethod" finished-at="2025-08-16T23:16:42 IST" duration-ms="0" status="PASS">
          <reporter-output>
          </reporter-output>
        </test-method> <!-- afterMethod -->
        <test-method is-config="true" signature="afterMethod()[pri:0, instance:day22.WebShopApparelsAndShoes@5aa9e4eb]" started-at="2025-08-16T23:16:43 IST" name="afterMethod" finished-at="2025-08-16T23:16:43 IST" duration-ms="0" status="PASS">
          <reporter-output>
          </reporter-output>
        </test-method> <!-- afterMethod -->
        <test-method signature="logOut()[pri:7, instance:day22.WebShopApparelsAndShoes@5aa9e4eb]" started-at="2025-08-16T23:16:43 IST" name="logOut" finished-at="2025-08-16T23:16:44 IST" duration-ms="873" status="PASS">
          <reporter-output>
          </reporter-output>
        </test-method> <!-- logOut -->
        <test-method is-config="true" signature="beforeMethod()[pri:0, instance:day22.WebShopApparelsAndShoes@5aa9e4eb]" started-at="2025-08-16T23:16:43 IST" name="beforeMethod" finished-at="2025-08-16T23:16:43 IST" duration-ms="0" status="PASS">
          <reporter-output>
          </reporter-output>
        </test-method> <!-- beforeMethod -->
        <test-method is-config="true" signature="afterMethod()[pri:0, instance:day22.WebShopApparelsAndShoes@5aa9e4eb]" started-at="2025-08-16T23:16:44 IST" name="afterMethod" finished-at="2025-08-16T23:16:44 IST" duration-ms="0" status="PASS">
          <reporter-output>
          </reporter-output>
        </test-method> <!-- afterMethod -->
        <test-method is-config="true" signature="afterClass()[pri:0, instance:day22.WebShopApparelsAndShoes@5aa9e4eb]" started-at="2025-08-16T23:16:44 IST" name="afterClass" finished-at="2025-08-16T23:16:44 IST" duration-ms="203" status="PASS">
          <reporter-output>
          </reporter-output>
        </test-method> <!-- afterClass -->
        <test-method is-config="true" signature="afterTest()[pri:0, instance:day22.WebShopApparelsAndShoes@5aa9e4eb]" started-at="2025-08-16T23:16:44 IST" name="afterTest" finished-at="2025-08-16T23:16:44 IST" duration-ms="0" status="PASS">
          <reporter-output>
          </reporter-output>
        </test-method> <!-- afterTest -->
        <test-method is-config="true" signature="afterSuite()[pri:0, instance:day22.WebShopApparelsAndShoes@5aa9e4eb]" started-at="2025-08-16T23:16:44 IST" name="afterSuite" finished-at="2025-08-16T23:16:44 IST" duration-ms="2" status="PASS">
          <reporter-output>
          </reporter-output>
        </test-method> <!-- afterSuite -->
      </class> <!-- day22.WebShopApparelsAndShoes -->
    </test> <!-- Default test -->
  </suite> <!-- Default suite -->
</testng-results>
