<?xml version="1.0" encoding="UTF-8"?>
<!-- Generated by org.testng.reporters.JUnitXMLReporter -->
<testsuite ignored="0" hostname="Amit-Madeli" failures="0" tests="7" name="Default test" time="13.053" errors="0" timestamp="2025-08-16T23:16:44 IST">
  <testcase classname="day22.WebShopApparelsAndShoes" name="verifyPage" time="0.005"/>
  <testcase classname="day22.WebShopApparelsAndShoes" name="loginTest" time="1.511"/>
  <testcase classname="day22.WebShopApparelsAndShoes" name="clickApparelsAndShoes" time="0.886"/>
  <testcase classname="day22.WebShopApparelsAndShoes" name="selectProduct" time="2.639"/>
  <testcase classname="day22.WebShopApparelsAndShoes" name="addToCart" time="0.125"/>
  <testcase classname="day22.WebShopApparelsAndShoes" name="shoppingCart" time="0.834"/>
  <testcase classname="day22.WebShopApparelsAndShoes" name="logOut" time="0.873"/>
</testsuite> <!-- Default test -->
