<?xml version="1.0" encoding="UTF-8"?>
<!-- Generated by org.testng.reporters.JUnitXMLReporter -->
<testsuite ignored="0" hostname="Amit-Madeli" failures="1" tests="3" name="Test" time="8.983" errors="0" timestamp="2025-09-10T00:59:35 IST">
  <testcase classname="day25.ListenerPractice" name="logIn" time="5.669"/>
  <testcase classname="day25.ListenerPractice" name="checkTitleName" time="0.017">
    <failure type="java.lang.AssertionError" message="expected [Demo Web Shops] but found [Demo Web Shop]">
      <![CDATA[java.lang.AssertionError: expected [Demo Web Shops] but found [Demo Web Shop]
at day25.ListenerPractice.checkTitleName(ListenerPractice.java:40)
at java.base/java.util.ArrayList.forEach(ArrayList.java:1596)
... Removed 31 stack frames]]>
    </failure>
  </testcase> <!-- checkTitleName -->
  <testcase classname="day25.ListenerPractice" name="clickBook" time="1.039">
    <skipped/>
  </testcase> <!-- clickBook -->
</testsuite> <!-- Test -->
