<?xml version="1.0" encoding="UTF-8"?>
<!-- Generated by org.testng.reporters.JUnitXMLReporter -->
<testsuite ignored="0" hostname="Amit-Madeli" failures="0" tests="7" name="Test" time="34.089" errors="0" timestamp="2025-08-16T14:09:43 IST">
  <testcase classname="day22.WebShopApparelsAndShoes" name="verifyPage" time="0.007"/>
  <testcase classname="day22.WebShopApparelsAndShoes" name="loginTest" time="1.496"/>
  <testcase classname="day22.WebShopApparelsAndShoes" name="clickApparelsAndShoes" time="0.944"/>
  <testcase classname="day22.WebShopApparelsAndShoes" name="selectProduct" time="23.021"/>
  <testcase classname="day22.WebShopApparelsAndShoes" name="addToCart" time="0.146"/>
  <testcase classname="day22.WebShopApparelsAndShoes" name="shoppingCart" time="0.811"/>
  <testcase classname="day22.WebShopApparelsAndShoes" name="logOut" time="0.881"/>
</testsuite> <!-- Test -->
